mode: set
github.com/ezrantn/hoconenv/autoload/autoload.go:6.13,8.2 1 0
github.com/ezrantn/hoconenv/hoconenv.go:20.26,24.2 3 1
github.com/ezrantn/hoconenv/hoconenv.go:27.34,29.21 1 1
github.com/ezrantn/hoconenv/hoconenv.go:29.21,31.37 2 1
github.com/ezrantn/hoconenv/hoconenv.go:31.37,32.34 1 1
github.com/ezrantn/hoconenv/hoconenv.go:32.34,33.43 1 1
github.com/ezrantn/hoconenv/hoconenv.go:33.43,35.6 1 0
github.com/ezrantn/hoconenv/hoconenv.go:37.4,37.14 1 1
github.com/ezrantn/hoconenv/hoconenv.go:39.3,39.60 1 0
github.com/ezrantn/hoconenv/hoconenv.go:43.2,43.29 1 1
github.com/ezrantn/hoconenv/hoconenv.go:43.29,44.40 1 1
github.com/ezrantn/hoconenv/hoconenv.go:44.40,46.4 1 0
github.com/ezrantn/hoconenv/hoconenv.go:49.2,49.12 1 1
github.com/ezrantn/hoconenv/hoconenv.go:53.55,59.37 4 1
github.com/ezrantn/hoconenv/hoconenv.go:59.37,61.3 1 1
github.com/ezrantn/hoconenv/hoconenv.go:63.2,63.63 1 1
github.com/ezrantn/hoconenv/hoconenv.go:63.63,65.3 1 1
github.com/ezrantn/hoconenv/hoconenv.go:67.2,67.21 1 1
github.com/ezrantn/hoconenv/hoconenv.go:71.38,73.27 2 1
github.com/ezrantn/hoconenv/hoconenv.go:73.27,76.3 2 1
github.com/ezrantn/hoconenv/hoconenv.go:77.2,81.16 4 1
github.com/ezrantn/hoconenv/hoconenv.go:81.16,83.3 1 1
github.com/ezrantn/hoconenv/hoconenv.go:84.2,90.21 5 1
github.com/ezrantn/hoconenv/hoconenv.go:90.21,95.82 3 1
github.com/ezrantn/hoconenv/hoconenv.go:95.82,96.12 1 1
github.com/ezrantn/hoconenv/hoconenv.go:99.3,99.71 1 1
github.com/ezrantn/hoconenv/hoconenv.go:99.71,101.4 1 0
github.com/ezrantn/hoconenv/hoconenv.go:104.2,104.38 1 1
github.com/ezrantn/hoconenv/hoconenv.go:104.38,106.3 1 0
github.com/ezrantn/hoconenv/hoconenv.go:109.2,109.25 1 1
github.com/ezrantn/hoconenv/hoconenv.go:113.85,114.41 1 1
github.com/ezrantn/hoconenv/hoconenv.go:114.41,116.3 1 1
github.com/ezrantn/hoconenv/hoconenv.go:119.2,119.34 1 1
github.com/ezrantn/hoconenv/hoconenv.go:119.34,123.3 3 1
github.com/ezrantn/hoconenv/hoconenv.go:125.2,125.17 1 1
github.com/ezrantn/hoconenv/hoconenv.go:125.17,126.25 1 1
github.com/ezrantn/hoconenv/hoconenv.go:126.25,128.4 1 1
github.com/ezrantn/hoconenv/hoconenv.go:129.3,129.13 1 1
github.com/ezrantn/hoconenv/hoconenv.go:133.2,134.21 2 1
github.com/ezrantn/hoconenv/hoconenv.go:134.21,136.3 1 0
github.com/ezrantn/hoconenv/hoconenv.go:138.2,142.41 3 1
github.com/ezrantn/hoconenv/hoconenv.go:142.41,144.3 1 0
github.com/ezrantn/hoconenv/hoconenv.go:147.2,157.12 6 1
github.com/ezrantn/hoconenv/hoconenv.go:161.40,163.70 1 1
github.com/ezrantn/hoconenv/hoconenv.go:163.70,165.3 1 1
github.com/ezrantn/hoconenv/hoconenv.go:168.2,168.49 1 1
github.com/ezrantn/hoconenv/hoconenv.go:168.49,170.3 1 0
github.com/ezrantn/hoconenv/hoconenv.go:172.2,172.33 1 1
github.com/ezrantn/hoconenv/hoconenv.go:176.57,177.23 1 1
github.com/ezrantn/hoconenv/hoconenv.go:177.23,179.3 1 1
github.com/ezrantn/hoconenv/hoconenv.go:180.2,180.12 1 1
github.com/ezrantn/hoconenv/hoconenv.go:184.60,193.86 4 1
github.com/ezrantn/hoconenv/hoconenv.go:193.86,198.3 4 1
github.com/ezrantn/hoconenv/hoconenv.go:201.2,201.9 1 1
github.com/ezrantn/hoconenv/hoconenv.go:202.45,207.46 4 1
github.com/ezrantn/hoconenv/hoconenv.go:209.51,214.65 4 1
github.com/ezrantn/hoconenv/hoconenv.go:216.41,218.64 1 1
github.com/ezrantn/hoconenv/hoconenv.go:220.10,222.64 1 1
github.com/ezrantn/hoconenv/hoconenv.go:227.29,233.36 4 1
github.com/ezrantn/hoconenv/hoconenv.go:233.36,237.55 3 1
github.com/ezrantn/hoconenv/hoconenv.go:237.55,239.4 1 0
github.com/ezrantn/hoconenv/hoconenv.go:243.2,245.12 2 1
github.com/ezrantn/hoconenv/include.go:25.78,26.27 1 1
github.com/ezrantn/hoconenv/include.go:26.27,28.3 1 1
github.com/ezrantn/hoconenv/include.go:30.2,30.39 1 1
github.com/ezrantn/hoconenv/include.go:30.39,31.15 1 1
github.com/ezrantn/hoconenv/include.go:31.15,33.4 1 0
github.com/ezrantn/hoconenv/include.go:35.3,35.69 1 1
github.com/ezrantn/hoconenv/include.go:37.2,37.12 1 1
github.com/ezrantn/hoconenv/include.go:41.59,43.16 2 1
github.com/ezrantn/hoconenv/include.go:43.16,44.15 1 0
github.com/ezrantn/hoconenv/include.go:44.15,46.4 1 0
github.com/ezrantn/hoconenv/include.go:48.3,48.13 1 0
github.com/ezrantn/hoconenv/include.go:52.2,52.63 1 1
github.com/ezrantn/hoconenv/include.go:52.63,53.15 1 0
github.com/ezrantn/hoconenv/include.go:53.15,55.4 1 0
github.com/ezrantn/hoconenv/include.go:56.3,56.13 1 0
github.com/ezrantn/hoconenv/include.go:59.2,64.16 3 1
github.com/ezrantn/hoconenv/include.go:64.16,65.15 1 0
github.com/ezrantn/hoconenv/include.go:65.15,67.4 1 0
github.com/ezrantn/hoconenv/include.go:69.3,69.13 1 0
github.com/ezrantn/hoconenv/include.go:72.2,74.38 2 1
github.com/ezrantn/hoconenv/include.go:74.38,75.15 1 0
github.com/ezrantn/hoconenv/include.go:75.15,77.4 1 0
github.com/ezrantn/hoconenv/include.go:79.3,79.13 1 0
github.com/ezrantn/hoconenv/include.go:82.2,86.21 4 1
github.com/ezrantn/hoconenv/include.go:86.21,90.82 3 1
github.com/ezrantn/hoconenv/include.go:90.82,91.12 1 0
github.com/ezrantn/hoconenv/include.go:94.3,94.69 1 1
github.com/ezrantn/hoconenv/include.go:94.69,96.4 1 0
github.com/ezrantn/hoconenv/include.go:99.2,99.22 1 1
github.com/ezrantn/hoconenv/include.go:103.82,104.26 1 1
github.com/ezrantn/hoconenv/include.go:104.26,106.3 1 1
github.com/ezrantn/hoconenv/include.go:108.2,109.16 2 1
github.com/ezrantn/hoconenv/include.go:109.16,110.15 1 0
github.com/ezrantn/hoconenv/include.go:110.15,112.4 1 0
github.com/ezrantn/hoconenv/include.go:113.3,114.13 2 0
github.com/ezrantn/hoconenv/include.go:117.2,117.29 1 1
github.com/ezrantn/hoconenv/include.go:117.29,118.19 1 1
github.com/ezrantn/hoconenv/include.go:118.19,119.12 1 0
github.com/ezrantn/hoconenv/include.go:122.3,123.44 2 1
github.com/ezrantn/hoconenv/include.go:123.44,124.16 1 0
github.com/ezrantn/hoconenv/include.go:124.16,126.5 1 0
github.com/ezrantn/hoconenv/include.go:128.4,128.82 1 0
github.com/ezrantn/hoconenv/include.go:132.2,132.12 1 1
github.com/ezrantn/hoconenv/include.go:136.81,137.30 1 1
github.com/ezrantn/hoconenv/include.go:137.30,139.3 1 1
github.com/ezrantn/hoconenv/include.go:141.2,142.16 2 1
github.com/ezrantn/hoconenv/include.go:142.16,143.15 1 0
github.com/ezrantn/hoconenv/include.go:143.15,145.4 1 0
github.com/ezrantn/hoconenv/include.go:146.3,147.13 2 0
github.com/ezrantn/hoconenv/include.go:150.2,150.35 1 1
github.com/ezrantn/hoconenv/include.go:150.35,152.3 1 0
github.com/ezrantn/hoconenv/include.go:154.2,154.32 1 1
github.com/ezrantn/hoconenv/include.go:154.32,155.53 1 1
github.com/ezrantn/hoconenv/include.go:155.53,157.4 1 0
github.com/ezrantn/hoconenv/include.go:160.2,160.12 1 1
